2001.01.02 15:33 B c:\My Documents\hwang_bbs_0915\include\db_conn.jsp --> dreamist.com /usr/local/weblogic/weblogic/myserver/public_html/boarder/include db_conn.jsp
2001.01.02 15:33 B c:\My Documents\hwang_bbs_0915\include\db_conn.jsp.bak --> dreamist.com /usr/local/weblogic/weblogic/myserver/public_html/boarder/include db_conn.jsp.bak
2001.01.02 15:33 B c:\My Documents\hwang_bbs_0915\include\include_bbs.jsp --> dreamist.com /usr/local/weblogic/weblogic/myserver/public_html/boarder/include include_bbs.jsp
2001.01.02 15:33 B c:\My Documents\hwang_bbs_0915\include\include_com.jsp --> dreamist.com /usr/local/weblogic/weblogic/myserver/public_html/boarder/include include_com.jsp
2001.01.02 15:33 B c:\My Documents\hwang_bbs_0915\include\style.css --> dreamist.com /usr/local/weblogic/weblogic/myserver/public_html/boarder/include style.css
2001.01.02 16:52 B c:\dreamist\hwang_bbs_0915\include\include_com.jsp --> dreamist.com /usr/local/weblogic/weblogic/myserver/public_html/boarder/include include_com.jsp
2001.01.02 18:01 B c:\dreamist\hwang_bbs_0915\include\include_com.jsp --> dreamist.com /usr/local/weblogic/weblogic/myserver/public_html/boarder/include include_com.jsp
2001.01.02 18:02 B c:\dreamist\hwang_bbs_0915\include\include_com.jsp --> dreamist.com /usr/local/weblogic/weblogic/myserver/public_html/boarder/include include_com.jsp
2001.01.02 18:04 B c:\dreamist\hwang_bbs_0915\include\include_com.jsp --> dreamist.com /usr/local/weblogic/weblogic/myserver/public_html/boarder/include include_com.jsp
2001.01.02 18:15 B c:\dreamist\hwang_bbs_0915\include\include_com.jsp --> dreamist.com /usr/local/weblogic/weblogic/myserver/public_html/boarder/include include_com.jsp
2001.01.02 18:22 B c:\dreamist\hwang_bbs_0915\include\include_com.jsp --> dreamist.com /usr/local/weblogic/weblogic/myserver/public_html/boarder/include include_com.jsp
2001.01.03 11:11 B c:\dreamist\hwang_bbs_0915\include\include_com.jsp --> dreamist.com /usr/local/weblogic/weblogic/myserver/public_html/boarder/include include_com.jsp
2001.01.03 11:16 B c:\dreamist\hwang_bbs_0915\include\include_com.jsp --> dreamist.com /usr/local/weblogic/weblogic/myserver/public_html/boarder/include include_com.jsp
2001.01.03 11:18 B c:\dreamist\hwang_bbs_0915\include\include_com.jsp --> dreamist.com /usr/local/weblogic/weblogic/myserver/public_html/boarder/include include_com.jsp
2001.01.06 11:26 B c:\dreamist\자료실\include\db_conn.jsp.bak --> dreamist.com /usr/local/weblogic/weblogic/myserver/public_html/boarder/include db_conn.jsp.bak
2001.01.06 11:26 B c:\dreamist\자료실\include\include_bbs.jsp --> dreamist.com /usr/local/weblogic/weblogic/myserver/public_html/boarder/include include_bbs.jsp
2001.01.06 11:26 B c:\dreamist\자료실\include\include_bbs.jsp.bak --> dreamist.com /usr/local/weblogic/weblogic/myserver/public_html/boarder/include include_bbs.jsp.bak
2001.01.06 11:26 B c:\dreamist\자료실\include\include_com.jsp.bak --> dreamist.com /usr/local/weblogic/weblogic/myserver/public_html/boarder/include include_com.jsp.bak
2001.01.06 11:26 B c:\dreamist\자료실\include\WS_FTP.LOG --> dreamist.com /usr/local/weblogic/weblogic/myserver/public_html/boarder/include WS_FTP.LOG
2001.01.06 11:37 B c:\dreamist\자료실\include\include_bbs.jsp --> dreamist.com /usr/local/weblogic/weblogic/myserver/public_html/boarder include_bbs.jsp
2001.01.06 11:37 B c:\dreamist\자료실\include\include_bbs.jsp --> dreamist.com /usr/local/weblogic/weblogic/myserver/public_html/boarder/include include_bbs.jsp
2001.01.06 11:45 B c:\dreamist\자료실\include\include_bbs.jsp --> dreamist.com /usr/local/weblogic/weblogic/myserver/public_html/boarder/include include_bbs.jsp
2001.01.06 11:47 B c:\dreamist\자료실\include\include_bbs.jsp --> dreamist.com /usr/local/weblogic/weblogic/myserver/public_html/boarder/include include_bbs.jsp
2001.01.06 11:58 B c:\dreamist\자료실\include\include_bbs.jsp --> dreamist.com /usr/local/weblogic/weblogic/myserver/public_html/boarder/include include_bbs.jsp
2001.01.06 12:05 B c:\dreamist\자료실\include\include_bbs.jsp --> dreamist.com /usr/local/weblogic/weblogic/myserver/public_html/boarder/include include_bbs.jsp
2001.01.06 14:22 B c:\dreamist\자료실\include\include_bbs.jsp --> dreamist.com /usr/local/weblogic/weblogic/myserver/public_html/boarder/include include_bbs.jsp
2001.01.06 14:27 B c:\dreamist\자료실\include\include_bbs.jsp --> dreamist.com /usr/local/weblogic/weblogic/myserver/public_html/boarder/include include_bbs.jsp
2001.01.08 10:24 B c:\dreamist\자료실\include\include_bbs.jsp --> dreamist.com /usr/local/weblogic/weblogic/myserver/public_html/boarder/include include_bbs.jsp
2001.01.08 11:05 B c:\dreamist\자료실\include\include_bbs.jsp --> dreamist.com /usr/local/weblogic/weblogic/myserver/public_html/boarder/include include_bbs.jsp
2001.01.08 11:07 B c:\dreamist\자료실\include\include_bbs.jsp --> dreamist.com /usr/local/weblogic/weblogic/myserver/public_html/boarder/include include_bbs.jsp
2001.01.08 11:10 B c:\dreamist\자료실\include\include_bbs.jsp --> dreamist.com /usr/local/weblogic/weblogic/myserver/public_html/boarder/include include_bbs.jsp
2001.01.08 11:13 B c:\dreamist\자료실\include\include_bbs.jsp --> dreamist.com /usr/local/weblogic/weblogic/myserver/public_html/boarder/include include_bbs.jsp
