[2012-06-15 23:35:44] [info]  Commons Daemon procrun (1.0.7.0 32-bit) started
[2012-06-15 23:35:44] [info]  Running 'Tomcat6' Service...
[2012-06-15 23:35:47] [info]  Starting service...
[2012-06-15 23:35:49] [info]  Service started in 1875 ms.
[2012-06-15 23:38:17] [info]  Commons Daemon procrun (1.0.7.0 32-bit) started
[2012-06-15 23:38:17] [info]  Running 'Tomcat6' Service...
[2012-06-15 23:38:17] [info]  Starting service...
[2012-06-15 23:38:19] [info]  Service started in 2218 ms.
[2012-06-15 23:45:57] [info]  Console LOGOFF event signaled
[2012-06-15 23:45:58] [info]  Console SHUTDOWN event signaled
[2012-06-15 23:45:58] [info]  Stopping service...
[2012-06-15 23:45:59] [info]  Service stopped.
[2012-06-15 23:45:59] [info]  Run service finished.
[2012-06-15 23:46:00] [info]  Commons Daemon procrun finished
[2012-06-15 23:47:13] [info]  Commons Daemon procrun (1.0.7.0 32-bit) started
[2012-06-15 23:47:14] [info]  Running 'Tomcat6' Service...
[2012-06-15 23:47:17] [info]  Starting service...
[2012-06-15 23:47:18] [info]  Service started in 1156 ms.
[2012-06-15 23:58:38] [info]  Console LOGOFF event signaled
[2012-06-15 23:58:40] [info]  Console SHUTDOWN event signaled
[2012-06-15 23:58:40] [info]  Stopping service...
[2012-06-15 23:58:41] [info]  Service stopped.
[2012-06-15 23:58:41] [info]  Run service finished.
[2012-06-15 23:58:42] [info]  Commons Daemon procrun finished
[2012-06-15 23:59:53] [info]  Commons Daemon procrun (1.0.7.0 32-bit) started
[2012-06-15 23:59:54] [info]  Running 'Tomcat6' Service...
[2012-06-15 23:59:54] [info]  Starting service...
[2012-06-15 23:59:55] [info]  Service started in 1500 ms.
[2012-06-16 19:35:08] [info]  Console LOGOFF event signaled
[2012-06-16 19:35:10] [info]  Console SHUTDOWN event signaled
[2012-06-16 19:35:10] [info]  Stopping service...
[2012-06-16 19:35:11] [info]  Service stopped.
[2012-06-16 19:35:11] [info]  Run service finished.
[2012-06-16 19:35:11] [info]  Commons Daemon procrun finished
