[2012-06-16 19:36:28] [info]  Commons Daemon procrun (1.0.7.0 32-bit) started
[2012-06-16 19:36:28] [info]  Running 'Tomcat6' Service...
[2012-06-16 19:36:28] [info]  Starting service...
[2012-06-16 19:36:29] [info]  Service started in 1640 ms.
[2012-06-16 20:01:50] [info]  Stopping service...
[2012-06-16 20:01:51] [info]  Service stopped.
[2012-06-16 20:01:52] [info]  Run service finished.
[2012-06-16 20:01:52] [info]  Commons Daemon procrun finished
[2012-06-16 20:01:55] [info]  Commons Daemon procrun (1.0.7.0 32-bit) started
[2012-06-16 20:01:55] [info]  Running 'Tomcat6' Service...
[2012-06-16 20:01:55] [info]  Starting service...
[2012-06-16 20:01:56] [info]  Service started in 1062 ms.
[2012-06-16 23:41:45] [info]  Stopping service...
[2012-06-16 23:41:46] [info]  Service stopped.
[2012-06-16 23:41:46] [info]  Run service finished.
[2012-06-16 23:41:46] [info]  Commons Daemon procrun finished
[2012-06-16 23:49:15] [info]  Commons Daemon procrun (1.0.7.0 32-bit) started
[2012-06-16 23:49:15] [info]  Running 'Tomcat6' Service...
[2012-06-16 23:49:15] [info]  Starting service...
[2012-06-16 23:49:16] [info]  Service started in 1062 ms.
[2012-06-18 03:15:30] [info]  Console SHUTDOWN event signaled
[2012-06-18 03:15:30] [info]  Stopping service...
[2012-06-18 03:15:31] [info]  Run service finished.
[2012-06-18 03:15:31] [info]  Commons Daemon procrun finished
