
2013-04-23 14:59:23 Commons Daemon procrun stderr initialized
2013. 4. 23 오후 2:59:24 org.apache.catalina.core.AprLifecycleListener init
정보: The APR based Apache Tomcat Native library which allows optimal performance in production environments was not found on the java.library.path: C:\Program Files\Apache Software Foundation\Tomcat 6.0\bin;C:\WINDOWS\Sun\Java\bin;C:\WINDOWS\system32;C:\WINDOWS;C:\WINDOWS\system32;C:\WINDOWS;C:\WINDOWS\System32\Wbem;C:\Program Files\Intel\DMIX;C:\Program Files\MySQL\MySQL Server 5.0\bin;.
2013. 4. 23 오후 2:59:24 org.apache.coyote.http11.Http11Protocol init
정보: Initializing Coyote HTTP/1.1 on http-80
2013. 4. 23 오후 2:59:24 org.apache.catalina.startup.Catalina load
정보: Initialization processed in 310 ms
2013. 4. 23 오후 2:59:24 org.apache.catalina.core.StandardService start
정보: Starting service Catalina
2013. 4. 23 오후 2:59:24 org.apache.catalina.core.StandardEngine start
정보: Starting Servlet Engine: Apache Tomcat/6.0.33
2013. 4. 23 오후 2:59:24 org.apache.catalina.startup.HostConfig deployDirectory
정보: Deploying web application directory ROOT
2013. 4. 23 오후 2:59:25 org.apache.catalina.startup.HostConfig deployDescriptor
정보: Deploying configuration descriptor host-manager.xml
2013. 4. 23 오후 2:59:25 org.apache.catalina.core.StandardContext resourcesStart
심각: Error starting static Resources
java.lang.IllegalArgumentException: Document base C:\SCM_MYSQL\host-manager does not exist or is not a readable directory
	at org.apache.naming.resources.FileDirContext.setDocBase(FileDirContext.java:142)
	at org.apache.catalina.core.StandardContext.resourcesStart(StandardContext.java:4320)
	at org.apache.catalina.core.StandardContext.start(StandardContext.java:4489)
	at org.apache.catalina.core.ContainerBase.addChildInternal(ContainerBase.java:799)
	at org.apache.catalina.core.ContainerBase.addChild(ContainerBase.java:779)
	at org.apache.catalina.core.StandardHost.addChild(StandardHost.java:601)
	at org.apache.catalina.startup.HostConfig.deployDescriptor(HostConfig.java:675)
	at org.apache.catalina.startup.HostConfig.deployDescriptors(HostConfig.java:601)
	at org.apache.catalina.startup.HostConfig.deployApps(HostConfig.java:502)
	at org.apache.catalina.startup.HostConfig.start(HostConfig.java:1317)
	at org.apache.catalina.startup.HostConfig.lifecycleEvent(HostConfig.java:324)
	at org.apache.catalina.util.LifecycleSupport.fireLifecycleEvent(LifecycleSupport.java:142)
	at org.apache.catalina.core.ContainerBase.start(ContainerBase.java:1065)
	at org.apache.catalina.core.StandardHost.start(StandardHost.java:840)
	at org.apache.catalina.core.ContainerBase.start(ContainerBase.java:1057)
	at org.apache.catalina.core.StandardEngine.start(StandardEngine.java:463)
	at org.apache.catalina.core.StandardService.start(StandardService.java:525)
	at org.apache.catalina.core.StandardServer.start(StandardServer.java:754)
	at org.apache.catalina.startup.Catalina.start(Catalina.java:595)
	at sun.reflect.NativeMethodAccessorImpl.invoke0(Native Method)
	at sun.reflect.NativeMethodAccessorImpl.invoke(Unknown Source)
	at sun.reflect.DelegatingMethodAccessorImpl.invoke(Unknown Source)
	at java.lang.reflect.Method.invoke(Unknown Source)
	at org.apache.catalina.startup.Bootstrap.start(Bootstrap.java:289)
	at org.apache.catalina.startup.Bootstrap.main(Bootstrap.java:414)
2013. 4. 23 오후 2:59:25 org.apache.catalina.core.StandardContext start
심각: Error in resourceStart()
2013. 4. 23 오후 2:59:25 org.apache.catalina.core.StandardContext start
심각: Error getConfigured
2013. 4. 23 오후 2:59:25 org.apache.catalina.core.StandardContext start
심각: Context [/host-manager] startup failed due to previous errors
2013. 4. 23 오후 2:59:25 org.apache.catalina.core.StandardContext stop
정보: Container org.apache.catalina.core.ContainerBase.[Catalina].[110.45.138.180].[/host-manager] has not been started
2013. 4. 23 오후 2:59:25 org.apache.catalina.startup.HostConfig deployDescriptor
정보: Deploying configuration descriptor manager.xml
2013. 4. 23 오후 2:59:25 org.apache.catalina.core.StandardContext resourcesStart
심각: Error starting static Resources
java.lang.IllegalArgumentException: Document base C:\SCM_MYSQL\manager does not exist or is not a readable directory
	at org.apache.naming.resources.FileDirContext.setDocBase(FileDirContext.java:142)
	at org.apache.catalina.core.StandardContext.resourcesStart(StandardContext.java:4320)
	at org.apache.catalina.core.StandardContext.start(StandardContext.java:4489)
	at org.apache.catalina.core.ContainerBase.addChildInternal(ContainerBase.java:799)
	at org.apache.catalina.core.ContainerBase.addChild(ContainerBase.java:779)
	at org.apache.catalina.core.StandardHost.addChild(StandardHost.java:601)
	at org.apache.catalina.startup.HostConfig.deployDescriptor(HostConfig.java:675)
	at org.apache.catalina.startup.HostConfig.deployDescriptors(HostConfig.java:601)
	at org.apache.catalina.startup.HostConfig.deployApps(HostConfig.java:502)
	at org.apache.catalina.startup.HostConfig.start(HostConfig.java:1317)
	at org.apache.catalina.startup.HostConfig.lifecycleEvent(HostConfig.java:324)
	at org.apache.catalina.util.LifecycleSupport.fireLifecycleEvent(LifecycleSupport.java:142)
	at org.apache.catalina.core.ContainerBase.start(ContainerBase.java:1065)
	at org.apache.catalina.core.StandardHost.start(StandardHost.java:840)
	at org.apache.catalina.core.ContainerBase.start(ContainerBase.java:1057)
	at org.apache.catalina.core.StandardEngine.start(StandardEngine.java:463)
	at org.apache.catalina.core.StandardService.start(StandardService.java:525)
	at org.apache.catalina.core.StandardServer.start(StandardServer.java:754)
	at org.apache.catalina.startup.Catalina.start(Catalina.java:595)
	at sun.reflect.NativeMethodAccessorImpl.invoke0(Native Method)
	at sun.reflect.NativeMethodAccessorImpl.invoke(Unknown Source)
	at sun.reflect.DelegatingMethodAccessorImpl.invoke(Unknown Source)
	at java.lang.reflect.Method.invoke(Unknown Source)
	at org.apache.catalina.startup.Bootstrap.start(Bootstrap.java:289)
	at org.apache.catalina.startup.Bootstrap.main(Bootstrap.java:414)
2013. 4. 23 오후 2:59:25 org.apache.catalina.core.StandardContext start
심각: Error in resourceStart()
2013. 4. 23 오후 2:59:25 org.apache.catalina.core.StandardContext start
심각: Error getConfigured
2013. 4. 23 오후 2:59:25 org.apache.catalina.core.StandardContext start
심각: Context [/manager] startup failed due to previous errors
2013. 4. 23 오후 2:59:25 org.apache.catalina.core.StandardContext stop
정보: Container org.apache.catalina.core.ContainerBase.[Catalina].[110.45.138.180].[/manager] has not been started
2013. 4. 23 오후 2:59:25 org.apache.catalina.startup.HostConfig deployDirectory
정보: Deploying web application directory ROOT
2013. 4. 23 오후 2:59:25 org.apache.catalina.startup.HostConfig deployDescriptor
정보: Deploying configuration descriptor host-manager.xml
2013. 4. 23 오후 2:59:25 org.apache.catalina.core.StandardContext resourcesStart
심각: Error starting static Resources
java.lang.IllegalArgumentException: Document base C:\SCM_MYSQL\host-manager does not exist or is not a readable directory
	at org.apache.naming.resources.FileDirContext.setDocBase(FileDirContext.java:142)
	at org.apache.catalina.core.StandardContext.resourcesStart(StandardContext.java:4320)
	at org.apache.catalina.core.StandardContext.start(StandardContext.java:4489)
	at org.apache.catalina.core.ContainerBase.addChildInternal(ContainerBase.java:799)
	at org.apache.catalina.core.ContainerBase.addChild(ContainerBase.java:779)
	at org.apache.catalina.core.StandardHost.addChild(StandardHost.java:601)
	at org.apache.catalina.startup.HostConfig.deployDescriptor(HostConfig.java:675)
	at org.apache.catalina.startup.HostConfig.deployDescriptors(HostConfig.java:601)
	at org.apache.catalina.startup.HostConfig.deployApps(HostConfig.java:502)
	at org.apache.catalina.startup.HostConfig.start(HostConfig.java:1317)
	at org.apache.catalina.startup.HostConfig.lifecycleEvent(HostConfig.java:324)
	at org.apache.catalina.util.LifecycleSupport.fireLifecycleEvent(LifecycleSupport.java:142)
	at org.apache.catalina.core.ContainerBase.start(ContainerBase.java:1065)
	at org.apache.catalina.core.StandardHost.start(StandardHost.java:840)
	at org.apache.catalina.core.ContainerBase.start(ContainerBase.java:1057)
	at org.apache.catalina.core.StandardEngine.start(StandardEngine.java:463)
	at org.apache.catalina.core.StandardService.start(StandardService.java:525)
	at org.apache.catalina.core.StandardServer.start(StandardServer.java:754)
	at org.apache.catalina.startup.Catalina.start(Catalina.java:595)
	at sun.reflect.NativeMethodAccessorImpl.invoke0(Native Method)
	at sun.reflect.NativeMethodAccessorImpl.invoke(Unknown Source)
	at sun.reflect.DelegatingMethodAccessorImpl.invoke(Unknown Source)
	at java.lang.reflect.Method.invoke(Unknown Source)
	at org.apache.catalina.startup.Bootstrap.start(Bootstrap.java:289)
	at org.apache.catalina.startup.Bootstrap.main(Bootstrap.java:414)
2013. 4. 23 오후 2:59:25 org.apache.catalina.core.StandardContext start
심각: Error in resourceStart()
2013. 4. 23 오후 2:59:25 org.apache.catalina.core.StandardContext start
심각: Error getConfigured
2013. 4. 23 오후 2:59:25 org.apache.catalina.core.StandardContext start
심각: Context [/host-manager] startup failed due to previous errors
2013. 4. 23 오후 2:59:25 org.apache.catalina.core.StandardContext stop
정보: Container org.apache.catalina.core.ContainerBase.[Catalina].[localhost].[/host-manager] has not been started
2013. 4. 23 오후 2:59:25 org.apache.catalina.startup.HostConfig deployDescriptor
정보: Deploying configuration descriptor manager.xml
2013. 4. 23 오후 2:59:25 org.apache.catalina.core.StandardContext resourcesStart
심각: Error starting static Resources
java.lang.IllegalArgumentException: Document base C:\SCM_MYSQL\manager does not exist or is not a readable directory
	at org.apache.naming.resources.FileDirContext.setDocBase(FileDirContext.java:142)
	at org.apache.catalina.core.StandardContext.resourcesStart(StandardContext.java:4320)
	at org.apache.catalina.core.StandardContext.start(StandardContext.java:4489)
	at org.apache.catalina.core.ContainerBase.addChildInternal(ContainerBase.java:799)
	at org.apache.catalina.core.ContainerBase.addChild(ContainerBase.java:779)
	at org.apache.catalina.core.StandardHost.addChild(StandardHost.java:601)
	at org.apache.catalina.startup.HostConfig.deployDescriptor(HostConfig.java:675)
	at org.apache.catalina.startup.HostConfig.deployDescriptors(HostConfig.java:601)
	at org.apache.catalina.startup.HostConfig.deployApps(HostConfig.java:502)
	at org.apache.catalina.startup.HostConfig.start(HostConfig.java:1317)
	at org.apache.catalina.startup.HostConfig.lifecycleEvent(HostConfig.java:324)
	at org.apache.catalina.util.LifecycleSupport.fireLifecycleEvent(LifecycleSupport.java:142)
	at org.apache.catalina.core.ContainerBase.start(ContainerBase.java:1065)
	at org.apache.catalina.core.StandardHost.start(StandardHost.java:840)
	at org.apache.catalina.core.ContainerBase.start(ContainerBase.java:1057)
	at org.apache.catalina.core.StandardEngine.start(StandardEngine.java:463)
	at org.apache.catalina.core.StandardService.start(StandardService.java:525)
	at org.apache.catalina.core.StandardServer.start(StandardServer.java:754)
	at org.apache.catalina.startup.Catalina.start(Catalina.java:595)
	at sun.reflect.NativeMethodAccessorImpl.invoke0(Native Method)
	at sun.reflect.NativeMethodAccessorImpl.invoke(Unknown Source)
	at sun.reflect.DelegatingMethodAccessorImpl.invoke(Unknown Source)
	at java.lang.reflect.Method.invoke(Unknown Source)
	at org.apache.catalina.startup.Bootstrap.start(Bootstrap.java:289)
	at org.apache.catalina.startup.Bootstrap.main(Bootstrap.java:414)
2013. 4. 23 오후 2:59:25 org.apache.catalina.core.StandardContext start
심각: Error in resourceStart()
2013. 4. 23 오후 2:59:25 org.apache.catalina.core.StandardContext start
심각: Error getConfigured
2013. 4. 23 오후 2:59:25 org.apache.catalina.core.StandardContext start
심각: Context [/manager] startup failed due to previous errors
2013. 4. 23 오후 2:59:25 org.apache.catalina.core.StandardContext stop
정보: Container org.apache.catalina.core.ContainerBase.[Catalina].[localhost].[/manager] has not been started
2013. 4. 23 오후 2:59:25 org.apache.catalina.startup.HostConfig deployDirectory
정보: Deploying web application directory ROOT
2013. 4. 23 오후 2:59:25 org.apache.coyote.http11.Http11Protocol start
정보: Starting Coyote HTTP/1.1 on http-80
2013. 4. 23 오후 2:59:25 org.apache.jk.common.ChannelSocket init
정보: JK: ajp13 listening on /0.0.0.0:8009
2013. 4. 23 오후 2:59:25 org.apache.jk.server.JkMain start
정보: Jk running ID=0 time=0/16  config=null
2013. 4. 23 오후 2:59:25 org.apache.catalina.startup.Catalina start
정보: Server startup in 801 ms
