
2012-03-14 14:24:00 Commons Daemon procrun stdout initialized

2012-03-14 14:36:53 Commons Daemon procrun stdout initialized
DataProcess RetrieveData Err1:com.mysql.jdbc.exceptions.jdbc4.MySQLSyntaxErrorException: FUNCTION scm.to_number does not existFUNCTION scm.to_number does not exist
DataProcess RetrieveData Err1:com.mysql.jdbc.exceptions.jdbc4.MySQLSyntaxErrorException: FUNCTION scm.to_number does not existFUNCTION scm.to_number does not exist
DataProcess RetrieveData Err1:com.mysql.jdbc.exceptions.jdbc4.MySQLSyntaxErrorException: FUNCTION scm.to_number does not existFUNCTION scm.to_number does not exist
DataProcess RetrieveData Err1:com.mysql.jdbc.exceptions.jdbc4.MySQLSyntaxErrorException: You have an error in your SQL syntax; check the manual that corresponds to your MySQL server version for the right syntax to use near '-1,0,1) = 1   minus  select seqno from s_memo_02t   where staffid = 'B9999'     ' at line 1You have an error in your SQL syntax; check the manual that corresponds to your MySQL server version for the right syntax to use near '-1,0,1) = 1   minus  select seqno from s_memo_02t   where staffid = 'B9999'     ' at line 1
DataProcess RetrieveData Err1:com.mysql.jdbc.exceptions.jdbc4.MySQLSyntaxErrorException: FUNCTION scm.to_number does not existFUNCTION scm.to_number does not exist
DataProcess RetrieveData Err1:com.mysql.jdbc.exceptions.jdbc4.MySQLSyntaxErrorException: FUNCTION scm.to_number does not existFUNCTION scm.to_number does not exist
[Ljava.lang.String;@1e140bf
[Ljava.lang.String;@154c08a
[Ljava.lang.String;@12cdd20
DataProcess RetrieveData Err1:com.mysql.jdbc.exceptions.jdbc4.MySQLSyntaxErrorException: FUNCTION scm.to_number does not existFUNCTION scm.to_number does not exist
DataProcess RetrieveData Err1:com.mysql.jdbc.exceptions.jdbc4.MySQLSyntaxErrorException: FUNCTION scm.to_number does not existFUNCTION scm.to_number does not exist
DataProcess RetrieveData Err1:com.mysql.jdbc.exceptions.jdbc4.MySQLSyntaxErrorException: FUNCTION scm.to_number does not existFUNCTION scm.to_number does not exist
DataProcess RetrieveData Err1:com.mysql.jdbc.exceptions.jdbc4.MySQLSyntaxErrorException: FUNCTION scm.to_number does not existFUNCTION scm.to_number does not exist
splitSinglePart : begin
Header
content-type: text/html
Header

DataProcess RetrieveData Err1:com.mysql.jdbc.exceptions.jdbc4.MySQLSyntaxErrorException: FUNCTION scm.to_number does not existFUNCTION scm.to_number does not exist
DataProcess RetrieveData Err1:com.mysql.jdbc.exceptions.jdbc4.MySQLSyntaxErrorException: FUNCTION scm.to_number does not existFUNCTION scm.to_number does not exist
DataProcess RetrieveData Err1:com.mysql.jdbc.exceptions.jdbc4.MySQLSyntaxErrorException: FUNCTION scm.to_number does not existFUNCTION scm.to_number does not exist
DataProcess RetrieveData Err1:com.mysql.jdbc.exceptions.jdbc4.MySQLSyntaxErrorException: FUNCTION scm.to_number does not existFUNCTION scm.to_number does not exist
DataProcess RetrieveData Err1:com.mysql.jdbc.exceptions.jdbc4.MySQLSyntaxErrorException: FUNCTION scm.to_number does not existFUNCTION scm.to_number does not exist
DataProcess RetrieveData Err1:com.mysql.jdbc.exceptions.jdbc4.MySQLSyntaxErrorException: FUNCTION scm.to_number does not existFUNCTION scm.to_number does not exist
DataProcess RetrieveData Err1:com.mysql.jdbc.exceptions.jdbc4.MySQLSyntaxErrorException: FUNCTION scm.to_number does not existFUNCTION scm.to_number does not exist
DataProcess RetrieveData Err1:com.mysql.jdbc.exceptions.jdbc4.MySQLSyntaxErrorException: FUNCTION scm.to_number does not existFUNCTION scm.to_number does not exist
DataProcess RetrieveData Err1:com.mysql.jdbc.exceptions.jdbc4.MySQLSyntaxErrorException: FUNCTION scm.to_number does not existFUNCTION scm.to_number does not exist
DataProcess RetrieveData Err1:com.mysql.jdbc.exceptions.jdbc4.MySQLSyntaxErrorException: FUNCTION scm.to_number does not existFUNCTION scm.to_number does not exist
DataProcess RetrieveData Err1:com.mysql.jdbc.exceptions.jdbc4.MySQLSyntaxErrorException: FUNCTION scm.to_number does not existFUNCTION scm.to_number does not exist
DataProcess RetrieveData Err1:com.mysql.jdbc.exceptions.jdbc4.MySQLSyntaxErrorException: FUNCTION scm.to_number does not existFUNCTION scm.to_number does not exist
DataProcess RetrieveData Err1:com.mysql.jdbc.exceptions.jdbc4.MySQLSyntaxErrorException: FUNCTION scm.to_number does not existFUNCTION scm.to_number does not exist
DataProcess RetrieveData Err1:com.mysql.jdbc.exceptions.jdbc4.MySQLSyntaxErrorException: FUNCTION scm.to_number does not existFUNCTION scm.to_number does not exist
splitSinglePart : begin
Header
content-type: text/html
Header

splitSinglePart : begin
Header
content-type: text/html
Header

splitSinglePart : begin
Header
content-type: text/html
Header

splitSinglePart : begin
Header
content-type: text/html
Header

DataProcess RetrieveData Err1:com.mysql.jdbc.exceptions.jdbc4.MySQLSyntaxErrorException: FUNCTION scm.to_number does not existFUNCTION scm.to_number does not exist
DataProcess RetrieveData Err1:com.mysql.jdbc.exceptions.jdbc4.MySQLSyntaxErrorException: FUNCTION scm.to_number does not existFUNCTION scm.to_number does not exist
splitSinglePart : begin
Header
content-type: text/html
Header

splitSinglePart : begin
Header
content-type: text/html
Header

DataProcess RetrieveData Err1:com.mysql.jdbc.exceptions.jdbc4.MySQLSyntaxErrorException: FUNCTION scm.to_number does not existFUNCTION scm.to_number does not exist
splitSinglePart : begin
Header
content-type: text/html
Header

DataProcess RetrieveData Err1:com.mysql.jdbc.exceptions.jdbc4.MySQLSyntaxErrorException: FUNCTION scm.to_number does not existFUNCTION scm.to_number does not exist
DataProcess RetrieveData Err1:com.mysql.jdbc.exceptions.jdbc4.MySQLSyntaxErrorException: FUNCTION scm.to_number does not existFUNCTION scm.to_number does not exist
DataProcess RetrieveData Err1:com.mysql.jdbc.exceptions.jdbc4.MySQLSyntaxErrorException: FUNCTION scm.to_number does not existFUNCTION scm.to_number does not exist
splitSinglePart : begin
Header
content-type: text/html
Header

Exception PO_input : Incorrect decimal value: '' for column 'LOCAL_PRICE' at row 1
Exception PO_input : Incorrect decimal value: '1,111.00' for column 'VENDOR_PRICE' at row 1
splitSinglePart : begin
Header
content-type: text/html
Header

splitSinglePart : begin
Header
content-type: text/html
Header

splitSinglePart : begin
Header
content-type: text/html
Header

Exception save : Data truncation: Data too long for column 'TITLE' at row 1
splitSinglePart : begin
Header
content-type: text/html
Header

Exception save : Data truncation: Data too long for column 'TITLE' at row 1
splitSinglePart : begin
Header
content-type: text/html
Header

splitSinglePart : begin
Header
content-type: text/html
Header

splitSinglePart : begin
Header
content-type: text/html
Header

splitSinglePart : begin
Header
content-type: text/html
Header

splitSinglePart : begin
Header
content-type: text/html
Header

splitSinglePart : begin
Header
content-type: text/html
Header

splitSinglePart : begin
Header
content-type: text/html
Header

splitSinglePart : begin
Header
content-type: text/html
Header

Exception /admin/account/sub_save : You have an error in your SQL syntax; check the manual that corresponds to your MySQL server version for the right syntax to use near 'where   id = 'P1017'' at line 1
Exception /admin/account/sub_save : You have an error in your SQL syntax; check the manual that corresponds to your MySQL server version for the right syntax to use near 'where   id = 'P1017'' at line 1
Exception /admin/account/sub_save : You have an error in your SQL syntax; check the manual that corresponds to your MySQL server version for the right syntax to use near 'where   id = 'P1017'' at line 1
Exception /admin/account/sub_save : You have an error in your SQL syntax; check the manual that corresponds to your MySQL server version for the right syntax to use near 'where   id = 'P1017'' at line 1
DataProcess RetrieveData Err1:com.mysql.jdbc.exceptions.jdbc4.MySQLSyntaxErrorException: FUNCTION scm.to_number does not existFUNCTION scm.to_number does not exist
splitSinglePart : begin
Header
content-type: text/html
Header

splitSinglePart : begin
Header
content-type: text/html
Header

splitSinglePart : begin
Header
content-type: text/html
Header

splitSinglePart : begin
Header
content-type: text/html
Header

splitSinglePart : begin
Header
content-type: text/html
Header

splitSinglePart : begin
Header
content-type: text/html
Header

DataProcess RetrieveData Err1:com.mysql.jdbc.exceptions.jdbc4.MySQLSyntaxErrorException: You have an error in your SQL syntax; check the manual that corresponds to your MySQL server version for the right syntax to use near '-1,0,1) = 1   minus  select seqno from s_memo_02t   where staffid = 'B9999'     ' at line 1You have an error in your SQL syntax; check the manual that corresponds to your MySQL server version for the right syntax to use near '-1,0,1) = 1   minus  select seqno from s_memo_02t   where staffid = 'B9999'     ' at line 1
splitSinglePart : begin
Header
content-type: text/html
Header

DataProcess RetrieveData Err1:com.mysql.jdbc.exceptions.jdbc4.MySQLSyntaxErrorException: You have an error in your SQL syntax; check the manual that corresponds to your MySQL server version for the right syntax to use near '-1,0,1) = 1   minus  select seqno from s_memo_02t   where staffid = 'B1001'     ' at line 1You have an error in your SQL syntax; check the manual that corresponds to your MySQL server version for the right syntax to use near '-1,0,1) = 1   minus  select seqno from s_memo_02t   where staffid = 'B1001'     ' at line 1
DataProcess RetrieveData Err1:com.mysql.jdbc.exceptions.jdbc4.MySQLSyntaxErrorException: You have an error in your SQL syntax; check the manual that corresponds to your MySQL server version for the right syntax to use near '-1,0,1) = 1   minus  select seqno from s_memo_02t   where staffid = 'B9999'     ' at line 1You have an error in your SQL syntax; check the manual that corresponds to your MySQL server version for the right syntax to use near '-1,0,1) = 1   minus  select seqno from s_memo_02t   where staffid = 'B9999'     ' at line 1
[Ljava.lang.String;@1f44e33
[Ljava.lang.String;@18b30f3
[Ljava.lang.String;@13aa24f
DataProcess RetrieveData Err1:com.mysql.jdbc.exceptions.jdbc4.MySQLSyntaxErrorException: You have an error in your SQL syntax; check the manual that corresponds to your MySQL server version for the right syntax to use near '-1,0,1) = 1   minus  select seqno from s_memo_02t   where staffid = 'B9999'     ' at line 1You have an error in your SQL syntax; check the manual that corresponds to your MySQL server version for the right syntax to use near '-1,0,1) = 1   minus  select seqno from s_memo_02t   where staffid = 'B9999'     ' at line 1
DataProcess RetrieveData Err1:com.mysql.jdbc.exceptions.jdbc4.MySQLSyntaxErrorException: You have an error in your SQL syntax; check the manual that corresponds to your MySQL server version for the right syntax to use near '-1,0,1) = 1   minus  select seqno from s_memo_02t   where staffid = 'B9999'     ' at line 1You have an error in your SQL syntax; check the manual that corresponds to your MySQL server version for the right syntax to use near '-1,0,1) = 1   minus  select seqno from s_memo_02t   where staffid = 'B9999'     ' at line 1
DataProcess RetrieveData Err1:com.mysql.jdbc.exceptions.jdbc4.MySQLSyntaxErrorException: You have an error in your SQL syntax; check the manual that corresponds to your MySQL server version for the right syntax to use near '-1,0,1) = 1   minus  select seqno from s_memo_02t   where staffid = 'B9999'     ' at line 1You have an error in your SQL syntax; check the manual that corresponds to your MySQL server version for the right syntax to use near '-1,0,1) = 1   minus  select seqno from s_memo_02t   where staffid = 'B9999'     ' at line 1
DataProcess RetrieveData Err1:com.mysql.jdbc.exceptions.jdbc4.MySQLSyntaxErrorException: You have an error in your SQL syntax; check the manual that corresponds to your MySQL server version for the right syntax to use near '-1,0,1) = 1   minus  select seqno from s_memo_02t   where staffid = 'B9999'     ' at line 1You have an error in your SQL syntax; check the manual that corresponds to your MySQL server version for the right syntax to use near '-1,0,1) = 1   minus  select seqno from s_memo_02t   where staffid = 'B9999'     ' at line 1
