
2012-06-18 03:17:07 Commons Daemon procrun stdout initialized
DataProcess RetrieveData Err1:com.mysql.jdbc.exceptions.jdbc4.MySQLSyntaxErrorException: You have an error in your SQL syntax; check the manual that corresponds to your MySQL server version for the right syntax to use near '-1,0,1) = 1   minus  select seqno from s_memo_02t   where staffid = 'B9999'     ' at line 1You have an error in your SQL syntax; check the manual that corresponds to your MySQL server version for the right syntax to use near '-1,0,1) = 1   minus  select seqno from s_memo_02t   where staffid = 'B9999'     ' at line 1
DataProcess RetrieveData Err1:com.mysql.jdbc.exceptions.jdbc4.MySQLSyntaxErrorException: You have an error in your SQL syntax; check the manual that corresponds to your MySQL server version for the right syntax to use near '-1,0,1) = 1   minus  select seqno from s_memo_02t   where staffid = 'B9999'     ' at line 1You have an error in your SQL syntax; check the manual that corresponds to your MySQL server version for the right syntax to use near '-1,0,1) = 1   minus  select seqno from s_memo_02t   where staffid = 'B9999'     ' at line 1
Exception confirm : sending mail - Sending the email to the following server failed : smtp.gmail.com:587
DataProcess RetrieveData Err1:com.mysql.jdbc.exceptions.jdbc4.MySQLSyntaxErrorException: You have an error in your SQL syntax; check the manual that corresponds to your MySQL server version for the right syntax to use near '-1,0,1) = 1   minus  select seqno from s_memo_02t   where staffid = 'B9999'     ' at line 1You have an error in your SQL syntax; check the manual that corresponds to your MySQL server version for the right syntax to use near '-1,0,1) = 1   minus  select seqno from s_memo_02t   where staffid = 'B9999'     ' at line 1
DataProcess RetrieveData Err1:com.mysql.jdbc.exceptions.jdbc4.MySQLSyntaxErrorException: You have an error in your SQL syntax; check the manual that corresponds to your MySQL server version for the right syntax to use near '-1,0,1) = 1   minus  select seqno from s_memo_02t   where staffid = 'B9999'     ' at line 1You have an error in your SQL syntax; check the manual that corresponds to your MySQL server version for the right syntax to use near '-1,0,1) = 1   minus  select seqno from s_memo_02t   where staffid = 'B9999'     ' at line 1
DataProcess RetrieveData Err1:com.mysql.jdbc.exceptions.jdbc4.MySQLSyntaxErrorException: You have an error in your SQL syntax; check the manual that corresponds to your MySQL server version for the right syntax to use near '-1,0,1) = 1   minus  select seqno from s_memo_02t   where staffid = 'B9999'     ' at line 1You have an error in your SQL syntax; check the manual that corresponds to your MySQL server version for the right syntax to use near '-1,0,1) = 1   minus  select seqno from s_memo_02t   where staffid = 'B9999'     ' at line 1
DataProcess RetrieveData Err1:com.mysql.jdbc.exceptions.jdbc4.MySQLSyntaxErrorException: FUNCTION scm.to_number does not existFUNCTION scm.to_number does not exist
DataProcess RetrieveData Err1:com.mysql.jdbc.exceptions.jdbc4.MySQLSyntaxErrorException: FUNCTION scm.to_number does not existFUNCTION scm.to_number does not exist
DataProcess RetrieveData Err1:com.mysql.jdbc.exceptions.jdbc4.MySQLSyntaxErrorException: You have an error in your SQL syntax; check the manual that corresponds to your MySQL server version for the right syntax to use near '-1,0,1) = 1   minus  select seqno from s_memo_02t   where staffid = 'B9999'     ' at line 1You have an error in your SQL syntax; check the manual that corresponds to your MySQL server version for the right syntax to use near '-1,0,1) = 1   minus  select seqno from s_memo_02t   where staffid = 'B9999'     ' at line 1
DataProcess RetrieveData Err1:com.mysql.jdbc.exceptions.jdbc4.MySQLSyntaxErrorException: You have an error in your SQL syntax; check the manual that corresponds to your MySQL server version for the right syntax to use near '-1,0,1) = 1   minus  select seqno from s_memo_02t   where staffid = 'B9999'     ' at line 1You have an error in your SQL syntax; check the manual that corresponds to your MySQL server version for the right syntax to use near '-1,0,1) = 1   minus  select seqno from s_memo_02t   where staffid = 'B9999'     ' at line 1
DataProcess RetrieveData Err1:com.mysql.jdbc.exceptions.jdbc4.MySQLSyntaxErrorException: You have an error in your SQL syntax; check the manual that corresponds to your MySQL server version for the right syntax to use near '-1,0,1) = 1   minus  select seqno from s_memo_02t   where staffid = 'B9999'     ' at line 1You have an error in your SQL syntax; check the manual that corresponds to your MySQL server version for the right syntax to use near '-1,0,1) = 1   minus  select seqno from s_memo_02t   where staffid = 'B9999'     ' at line 1
Exception /admin/account/supplier : null
Exception /admin/account/supplier : null
Exception /admin/account/supplier : null
Exception /admin/account/supplier : null
Exception /admin/account/supplier : null
Exception /admin/account/supplier : null
Exception /admin/account/supplier : null
Exception Cost_confirm: Check your data.(Cost_01t master
Exception Cost_confirm: Check your data.(Cost_01t master
Exception /admin/account/supplier : null
Exception /admin/account/supplier : null
Exception /admin/account/supplier : null
Exception /admin/account/supplier : null
DataProcess RetrieveData Err1:com.mysql.jdbc.exceptions.jdbc4.MySQLSyntaxErrorException: You have an error in your SQL syntax; check the manual that corresponds to your MySQL server version for the right syntax to use near '-1,0,1) = 1   minus  select seqno from s_memo_02t   where staffid = 'B9999'     ' at line 1You have an error in your SQL syntax; check the manual that corresponds to your MySQL server version for the right syntax to use near '-1,0,1) = 1   minus  select seqno from s_memo_02t   where staffid = 'B9999'     ' at line 1
DataProcess RetrieveData Err1:com.mysql.jdbc.exceptions.jdbc4.MySQLSyntaxErrorException: You have an error in your SQL syntax; check the manual that corresponds to your MySQL server version for the right syntax to use near '-1,0,1) = 1   minus  select seqno from s_memo_02t   where staffid = 'B9999'     ' at line 1You have an error in your SQL syntax; check the manual that corresponds to your MySQL server version for the right syntax to use near '-1,0,1) = 1   minus  select seqno from s_memo_02t   where staffid = 'B9999'     ' at line 1
DataProcess RetrieveData Err1:com.mysql.jdbc.exceptions.jdbc4.MySQLSyntaxErrorException: You have an error in your SQL syntax; check the manual that corresponds to your MySQL server version for the right syntax to use near '-1,0,1) = 1   minus  select seqno from s_memo_02t   where staffid = 'B9999'     ' at line 1You have an error in your SQL syntax; check the manual that corresponds to your MySQL server version for the right syntax to use near '-1,0,1) = 1   minus  select seqno from s_memo_02t   where staffid = 'B9999'     ' at line 1
DataProcess RetrieveData Err1:com.mysql.jdbc.exceptions.jdbc4.MySQLSyntaxErrorException: You have an error in your SQL syntax; check the manual that corresponds to your MySQL server version for the right syntax to use near '-1,0,1) = 1   minus  select seqno from s_memo_02t   where staffid = 'B9999'     ' at line 1You have an error in your SQL syntax; check the manual that corresponds to your MySQL server version for the right syntax to use near '-1,0,1) = 1   minus  select seqno from s_memo_02t   where staffid = 'B9999'     ' at line 1
