
2012-07-13 03:17:59 Commons Daemon procrun stdout initialized
DataProcess RetrieveData Err1:com.mysql.jdbc.exceptions.jdbc4.MySQLSyntaxErrorException: You have an error in your SQL syntax; check the manual that corresponds to your MySQL server version for the right syntax to use near '-1,0,1) = 1   minus  select seqno from s_memo_02t   where staffid = 'B9999'     ' at line 1You have an error in your SQL syntax; check the manual that corresponds to your MySQL server version for the right syntax to use near '-1,0,1) = 1   minus  select seqno from s_memo_02t   where staffid = 'B9999'     ' at line 1
DataProcess RetrieveData Err1:com.mysql.jdbc.exceptions.jdbc4.MySQLSyntaxErrorException: You have an error in your SQL syntax; check the manual that corresponds to your MySQL server version for the right syntax to use near '-1,0,1) = 1   minus  select seqno from s_memo_02t   where staffid = 'B9999'     ' at line 1You have an error in your SQL syntax; check the manual that corresponds to your MySQL server version for the right syntax to use near '-1,0,1) = 1   minus  select seqno from s_memo_02t   where staffid = 'B9999'     ' at line 1
DataProcess RetrieveData Err1:com.mysql.jdbc.exceptions.jdbc4.MySQLSyntaxErrorException: You have an error in your SQL syntax; check the manual that corresponds to your MySQL server version for the right syntax to use near '-1,0,1) = 1   minus  select seqno from s_memo_02t   where staffid = 'B3308'     ' at line 1You have an error in your SQL syntax; check the manual that corresponds to your MySQL server version for the right syntax to use near '-1,0,1) = 1   minus  select seqno from s_memo_02t   where staffid = 'B3308'     ' at line 1
DataProcess RetrieveData Err1:com.mysql.jdbc.exceptions.jdbc4.MySQLSyntaxErrorException: You have an error in your SQL syntax; check the manual that corresponds to your MySQL server version for the right syntax to use near '-1,0,1) = 1   minus  select seqno from s_memo_02t   where staffid = 'B0326'     ' at line 1You have an error in your SQL syntax; check the manual that corresponds to your MySQL server version for the right syntax to use near '-1,0,1) = 1   minus  select seqno from s_memo_02t   where staffid = 'B0326'     ' at line 1
splitSinglePart : begin
Header
content-type: text/html
Header

DataProcess RetrieveData Err1:com.mysql.jdbc.exceptions.jdbc4.MySQLSyntaxErrorException: FUNCTION scm.to_number does not existFUNCTION scm.to_number does not exist
DataProcess RetrieveData Err1:com.mysql.jdbc.exceptions.jdbc4.MySQLSyntaxErrorException: You have an error in your SQL syntax; check the manual that corresponds to your MySQL server version for the right syntax to use near '-1,0,1) = 1   minus  select seqno from s_memo_02t   where staffid = 'B0326'     ' at line 1You have an error in your SQL syntax; check the manual that corresponds to your MySQL server version for the right syntax to use near '-1,0,1) = 1   minus  select seqno from s_memo_02t   where staffid = 'B0326'     ' at line 1
DataProcess RetrieveData Err1:com.mysql.jdbc.exceptions.jdbc4.MySQLSyntaxErrorException: You have an error in your SQL syntax; check the manual that corresponds to your MySQL server version for the right syntax to use near 'upper(PO201210004)  order by a.order_no' at line 1You have an error in your SQL syntax; check the manual that corresponds to your MySQL server version for the right syntax to use near 'upper(PO201210004)  order by a.order_no' at line 1
DataProcess RetrieveData Err1:com.mysql.jdbc.exceptions.jdbc4.MySQLSyntaxErrorException: You have an error in your SQL syntax; check the manual that corresponds to your MySQL server version for the right syntax to use near 'upper(PO2012100005)  order by a.order_no' at line 1You have an error in your SQL syntax; check the manual that corresponds to your MySQL server version for the right syntax to use near 'upper(PO2012100005)  order by a.order_no' at line 1
[Ljava.lang.String;@973678
DataProcess RetrieveData Err1:com.mysql.jdbc.exceptions.jdbc4.MySQLSyntaxErrorException: You have an error in your SQL syntax; check the manual that corresponds to your MySQL server version for the right syntax to use near '-1,0,1) = 1   minus  select seqno from s_memo_02t   where staffid = 'B0326'     ' at line 1You have an error in your SQL syntax; check the manual that corresponds to your MySQL server version for the right syntax to use near '-1,0,1) = 1   minus  select seqno from s_memo_02t   where staffid = 'B0326'     ' at line 1
DataProcess RetrieveData Err1:com.mysql.jdbc.exceptions.jdbc4.MySQLSyntaxErrorException: You have an error in your SQL syntax; check the manual that corresponds to your MySQL server version for the right syntax to use near '-1,0,1) = 1   minus  select seqno from s_memo_02t   where staffid = 'B0326'     ' at line 1You have an error in your SQL syntax; check the manual that corresponds to your MySQL server version for the right syntax to use near '-1,0,1) = 1   minus  select seqno from s_memo_02t   where staffid = 'B0326'     ' at line 1
Exception /admin/account/supplier : null
Exception /admin/account/supplier : null
Exception Cost_confirm: Check your data.(Cost_01t master
DataProcess RetrieveData Err1:com.mysql.jdbc.exceptions.jdbc4.MySQLSyntaxErrorException: You have an error in your SQL syntax; check the manual that corresponds to your MySQL server version for the right syntax to use near 'upper(PO201210005)  order by a.order_no' at line 1You have an error in your SQL syntax; check the manual that corresponds to your MySQL server version for the right syntax to use near 'upper(PO201210005)  order by a.order_no' at line 1
DataProcess RetrieveData Err1:com.mysql.jdbc.exceptions.jdbc4.MySQLSyntaxErrorException: FUNCTION scm.to_char does not existFUNCTION scm.to_char does not exist
Exception in po_list_excel : Can't call commit when autocommit=true
DataProcess RetrieveData Err1:com.mysql.jdbc.exceptions.jdbc4.MySQLSyntaxErrorException: You have an error in your SQL syntax; check the manual that corresponds to your MySQL server version for the right syntax to use near '-1,0,1) = 1   minus  select seqno from s_memo_02t   where staffid = 'B9999'     ' at line 1You have an error in your SQL syntax; check the manual that corresponds to your MySQL server version for the right syntax to use near '-1,0,1) = 1   minus  select seqno from s_memo_02t   where staffid = 'B9999'     ' at line 1
DataProcess RetrieveData Err1:com.mysql.jdbc.exceptions.jdbc4.MySQLSyntaxErrorException: You have an error in your SQL syntax; check the manual that corresponds to your MySQL server version for the right syntax to use near 'upper(201210005)  order by a.order_no' at line 1You have an error in your SQL syntax; check the manual that corresponds to your MySQL server version for the right syntax to use near 'upper(201210005)  order by a.order_no' at line 1
DataProcess RetrieveData Err1:com.mysql.jdbc.exceptions.jdbc4.MySQLSyntaxErrorException: FUNCTION scm.to_number does not existFUNCTION scm.to_number does not exist
