
2013-04-17 03:27:59 Commons Daemon procrun stdout initialized
DataProcess RetrieveData Err1:com.mysql.jdbc.exceptions.jdbc4.MySQLSyntaxErrorException: You have an error in your SQL syntax; check the manual that corresponds to your MySQL server version for the right syntax to use near 'upper('PO201310001')  order by  a.delivery_date,a.supplier, a.order_no' at line 1You have an error in your SQL syntax; check the manual that corresponds to your MySQL server version for the right syntax to use near 'upper('PO201310001')  order by  a.delivery_date,a.supplier, a.order_no' at line 1
DataProcess RetrieveData Err1:com.mysql.jdbc.exceptions.jdbc4.MySQLSyntaxErrorException: You have an error in your SQL syntax; check the manual that corresponds to your MySQL server version for the right syntax to use near 'upper('PO201310001')  order by  a.delivery_date,a.supplier, a.order_no' at line 1You have an error in your SQL syntax; check the manual that corresponds to your MySQL server version for the right syntax to use near 'upper('PO201310001')  order by  a.delivery_date,a.supplier, a.order_no' at line 1
DataProcess RetrieveData Err1:com.mysql.jdbc.exceptions.jdbc4.MySQLSyntaxErrorException: You have an error in your SQL syntax; check the manual that corresponds to your MySQL server version for the right syntax to use near 'upper('201310001')  order by  a.delivery_date,a.supplier, a.order_no' at line 1You have an error in your SQL syntax; check the manual that corresponds to your MySQL server version for the right syntax to use near 'upper('201310001')  order by  a.delivery_date,a.supplier, a.order_no' at line 1
DataProcess RetrieveData Err1:com.mysql.jdbc.exceptions.jdbc4.MySQLSyntaxErrorException: You have an error in your SQL syntax; check the manual that corresponds to your MySQL server version for the right syntax to use near 'upper('PO201310001')  order by  a.order_no' at line 1You have an error in your SQL syntax; check the manual that corresponds to your MySQL server version for the right syntax to use near 'upper('PO201310001')  order by  a.order_no' at line 1
DataProcess RetrieveData Err1:com.mysql.jdbc.exceptions.jdbc4.MySQLSyntaxErrorException: You have an error in your SQL syntax; check the manual that corresponds to your MySQL server version for the right syntax to use near 'upper(PO201310001)  order by a.order_no' at line 1You have an error in your SQL syntax; check the manual that corresponds to your MySQL server version for the right syntax to use near 'upper(PO201310001)  order by a.order_no' at line 1
DataProcess RetrieveData Err1:com.mysql.jdbc.exceptions.jdbc4.MySQLSyntaxErrorException: You have an error in your SQL syntax; check the manual that corresponds to your MySQL server version for the right syntax to use near 'upper(PO201310001)  order by a.order_no' at line 1You have an error in your SQL syntax; check the manual that corresponds to your MySQL server version for the right syntax to use near 'upper(PO201310001)  order by a.order_no' at line 1
DataProcess RetrieveData Err1:com.mysql.jdbc.exceptions.jdbc4.MySQLSyntaxErrorException: You have an error in your SQL syntax; check the manual that corresponds to your MySQL server version for the right syntax to use near '-1,0,1) = 1   minus  select seqno from s_memo_02t   where staffid = 'B1000'     ' at line 1You have an error in your SQL syntax; check the manual that corresponds to your MySQL server version for the right syntax to use near '-1,0,1) = 1   minus  select seqno from s_memo_02t   where staffid = 'B1000'     ' at line 1
DataProcess RetrieveData Err1:com.mysql.jdbc.exceptions.jdbc4.MySQLSyntaxErrorException: You have an error in your SQL syntax; check the manual that corresponds to your MySQL server version for the right syntax to use near '-1,0,1) = 1   minus  select seqno from s_memo_02t   where staffid = 'B1000'     ' at line 1You have an error in your SQL syntax; check the manual that corresponds to your MySQL server version for the right syntax to use near '-1,0,1) = 1   minus  select seqno from s_memo_02t   where staffid = 'B1000'     ' at line 1
DataProcess RetrieveData Err1:com.mysql.jdbc.exceptions.jdbc4.MySQLSyntaxErrorException: You have an error in your SQL syntax; check the manual that corresponds to your MySQL server version for the right syntax to use near '-1,0,1) = 1   minus  select seqno from s_memo_02t   where staffid = 'B1000'     ' at line 1You have an error in your SQL syntax; check the manual that corresponds to your MySQL server version for the right syntax to use near '-1,0,1) = 1   minus  select seqno from s_memo_02t   where staffid = 'B1000'     ' at line 1
Exception confirm : sending mail - Sending the email to the following server failed : smtp.gmail.com:587
DataProcess RetrieveData Err1:com.mysql.jdbc.exceptions.jdbc4.MySQLSyntaxErrorException: You have an error in your SQL syntax; check the manual that corresponds to your MySQL server version for the right syntax to use near '-1,0,1) = 1   minus  select seqno from s_memo_02t   where staffid = 'B1000'     ' at line 1You have an error in your SQL syntax; check the manual that corresponds to your MySQL server version for the right syntax to use near '-1,0,1) = 1   minus  select seqno from s_memo_02t   where staffid = 'B1000'     ' at line 1
DataProcess RetrieveData Err1:com.mysql.jdbc.exceptions.jdbc4.MySQLSyntaxErrorException: You have an error in your SQL syntax; check the manual that corresponds to your MySQL server version for the right syntax to use near '-1,0,1) = 1   minus  select seqno from s_memo_02t   where staffid = 'B1000'     ' at line 1You have an error in your SQL syntax; check the manual that corresponds to your MySQL server version for the right syntax to use near '-1,0,1) = 1   minus  select seqno from s_memo_02t   where staffid = 'B1000'     ' at line 1
Exception confirm : sending mail - Sending the email to the following server failed : smtp.gmail.com:587
Exception confirm : sending mail - Sending the email to the following server failed : smtp.gmail.com:587
DataProcess RetrieveData Err1:com.mysql.jdbc.exceptions.jdbc4.MySQLSyntaxErrorException: FUNCTION scm.to_number does not existFUNCTION scm.to_number does not exist
DataProcess RetrieveData Err1:com.mysql.jdbc.exceptions.jdbc4.MySQLSyntaxErrorException: FUNCTION scm.to_char does not existFUNCTION scm.to_char does not exist
Exception in po_list_excel : Can't call commit when autocommit=true
Exception Cost_confirm: Check your data.(Cost_01t master
Exception Cost_confirm: Check your data.(Cost_01t master
Exception shipment_issue_save : This shipment exists. There is the same invoice no(test123). Check your data.
DataProcess RetrieveData Err1:com.mysql.jdbc.exceptions.jdbc4.MySQLSyntaxErrorException: You have an error in your SQL syntax; check the manual that corresponds to your MySQL server version for the right syntax to use near 'upper(null)  order by a.order_no' at line 1You have an error in your SQL syntax; check the manual that corresponds to your MySQL server version for the right syntax to use near 'upper(null)  order by a.order_no' at line 1
Invoice_01t insert Sucess : Qeyry = 2013.04.22 10:55:38 ==> INSERT INTO invoice_01t( invoice_date, invoice_no, buyer_id,sup_id , file_name, status, updated )  VALUES(  str_to_date( '2013/04/22' , '%Y/%m/%d') ,upper('123456'),'B1000','S1001',upper('B1000_123456.png'), 'P',  sysdate() ) 
Invoice_02t insert Sucess : Qeyry = 2013.04.22 10:55:38 ==>  INSERT INTO invoice_02t ( invoice_no, seq, po_no , style_no , qty, price , sup_id, buyer_id, updated )  VALUES( upper('123456') ,'1','PO201310003','WTOPTEST4','31','2.00','S1001','B1000', sysdate() ) 
DataProcess RetrieveData Err1:com.mysql.jdbc.exceptions.jdbc4.MySQLSyntaxErrorException: You have an error in your SQL syntax; check the manual that corresponds to your MySQL server version for the right syntax to use near '-1,0,1) = 1   minus  select seqno from s_memo_02t   where staffid = 'B1000'     ' at line 1You have an error in your SQL syntax; check the manual that corresponds to your MySQL server version for the right syntax to use near '-1,0,1) = 1   minus  select seqno from s_memo_02t   where staffid = 'B1000'     ' at line 1
DataProcess RetrieveData Err1:com.mysql.jdbc.exceptions.jdbc4.MySQLSyntaxErrorException: You have an error in your SQL syntax; check the manual that corresponds to your MySQL server version for the right syntax to use near '-1,0,1) = 1   minus  select seqno from s_memo_02t   where staffid = 'B1000'     ' at line 1You have an error in your SQL syntax; check the manual that corresponds to your MySQL server version for the right syntax to use near '-1,0,1) = 1   minus  select seqno from s_memo_02t   where staffid = 'B1000'     ' at line 1
DataProcess RetrieveData Err1:com.mysql.jdbc.exceptions.jdbc4.MySQLSyntaxErrorException: You have an error in your SQL syntax; check the manual that corresponds to your MySQL server version for the right syntax to use near '-1,0,1) = 1   minus  select seqno from s_memo_02t   where staffid = 'B1000'     ' at line 1You have an error in your SQL syntax; check the manual that corresponds to your MySQL server version for the right syntax to use near '-1,0,1) = 1   minus  select seqno from s_memo_02t   where staffid = 'B1000'     ' at line 1
Invoice_01t insert Sucess : Qeyry = 2013.04.22 14:54:17 ==> INSERT INTO invoice_01t( invoice_date, invoice_no, buyer_id,sup_id , file_name, status, updated )  VALUES(  str_to_date( '2013/04/22' , '%Y/%m/%d') ,upper('test123456'),'B1000','S1001',upper('B1000_test123456.JPG'), 'P',  sysdate() ) 
Invoice_02t insert Sucess : Qeyry = 2013.04.22 14:54:17 ==>  INSERT INTO invoice_02t ( invoice_no, seq, po_no , style_no , qty, price , sup_id, buyer_id, updated )  VALUES( upper('test123456') ,'1','PO201310004','WTOP TEST5','48','4.00','S1001','B1000', sysdate() ) 
DataProcess RetrieveData Err1:com.mysql.jdbc.exceptions.jdbc4.MySQLSyntaxErrorException: You have an error in your SQL syntax; check the manual that corresponds to your MySQL server version for the right syntax to use near '-1,0,1) = 1   minus  select seqno from s_memo_02t   where staffid = 'B1000'     ' at line 1You have an error in your SQL syntax; check the manual that corresponds to your MySQL server version for the right syntax to use near '-1,0,1) = 1   minus  select seqno from s_memo_02t   where staffid = 'B1000'     ' at line 1
Exception confirm : sending mail - Sending the email to the following server failed : smtp.gmail.com:587
splitSinglePart : begin
Header
content-type: text/html
Header

DataProcess RetrieveData Err1:com.mysql.jdbc.exceptions.jdbc4.MySQLSyntaxErrorException: FUNCTION scm.to_number does not existFUNCTION scm.to_number does not exist
